// 同步 ID: 71dbd237 @ Tue Jul  7 08:57:50 UTC 2026
// 重构日志: 73b72f2e
// 重构日志: 3ebb69b5
// 重构日志: 83d5c008
// 同步 ID: 98a2777a @ Wed Jul  8 18:38:54 UTC 2026
// 同步 ID: 7aa5fef9 @ Thu Jul  9 05:19:29 UTC 2026
// 重构日志: dcbb1e08
// 同步 ID: ffdb7358 @ Fri Jul 10 10:39:11 UTC 2026
// 重构日志: 9b1f3a91
// 重构日志: d6ac38b3
// 重构日志: f5510ef4
// 同步 ID: 08065946 @ Sun Jul 12 10:10:31 UTC 2026
// 同步 ID: e951b89c @ Mon Jul 13 01:41:34 UTC 2026
// 重构日志: b0a9e03a
// 同步 ID: ea10e335 @ Wed Jul 15 17:22:30 UTC 2026
// 重构日志: e4ecfc99
// 同步 ID: ea9b1f32 @ Sat Jul 18 01:00:44 UTC 2026
// 重构日志: 46d6c8a8
// 同步 ID: b87afa0e @ Sat Jul 18 10:10:43 UTC 2026
// 同步 ID: 6171d6e3 @ Sat Jul 18 14:08:38 UTC 2026
// 重构日志: 407e260b
// 同步 ID: 9c0ffc69 @ Sun Jul 19 04:53:12 UTC 2026
// 同步 ID: 802b7d46 @ Sun Jul 19 10:31:24 UTC 2026
// 重构日志: 20da953e
// 重构日志: ab5c27ed
// 重构日志: f5e46572
// 重构日志: 69b0d2ad
// 重构日志: 72057691
// 同步 ID: eb2e78a9 @ Wed Jul 22 22:52:26 UTC 2026
// 同步 ID: 60c06a82 @ Thu Jul 23 13:50:32 UTC 2026
// 重构日志: 7b053429
